[exit=0 elapsed=111.1s]
[stdout]
{"type":"thread.started","thread_id":"019da8cf-dde5-7381-b89c-374be66604bd"}
{"type":"turn.started"}
{"type":"item.completed","item":{"id":"item_0","type":"agent_message","text":"I’ll create a tiny Node project with a real failing `npm test` path: the test runner will enforce a too-small timeout and emit the timeout text on stderr."}}
{"type":"item.started","item":{"id":"item_1","type":"command_execution","command":"/bin/bash -lc 'pwd && rg --files -n . || true'","aggregated_output":"","exit_code":null,"status":"in_progress"}}
{"type":"item.completed","item":{"id":"item_1","type":"command_execution","command":"/bin/bash -lc 'pwd && rg --files -n . || true'","aggregated_output":"/tmp/polaris_authoring/node.timeout.000\n","exit_code":0,"status":"completed"}}
{"type":"item.completed","item":{"id":"item_2","type":"agent_message","text":"The project will stay at three files: `package.json`, `test.js`, and the sidecar. The reference fix only changes the configured timeout, so the command’s success is tied directly to the file contents."}}
{"type":"item.started","item":{"id":"item_3","type":"file_change","changes":[{"path":"/tmp/polaris_authoring/node.timeout.000/authored.json","kind":"add"},{"path":"/tmp/polaris_authoring/node.timeout.000/package.json","kind":"add"},{"path":"/tmp/polaris_authoring/node.timeout.000/test.js","kind":"add"}],"status":"in_progress"}}
{"type":"item.completed","item":{"id":"item_3","type":"file_change","changes":[{"path":"/tmp/polaris_authoring/node.timeout.000/authored.json","kind":"add"},{"path":"/tmp/polaris_authoring/node.timeout.000/package.json","kind":"add"},{"path":"/tmp/polaris_authoring/node.timeout.000/test.js","kind":"add"}],"status":"completed"}}
{"type":"item.completed","item":{"id":"item_4","type":"agent_message","text":"I’ve written the failing state. Now I’m checking both halves: current `npm test` must fail with the expected stderr, and the sidecar’s reference fix must make the same command pass in a copied workspace."}}
{"type":"item.started","item":{"id":"item_5","type":"command_execution","command":"/bin/bash -lc 'npm test'","aggregated_output":"","exit_code":null,"status":"in_progress"}}
{"type":"item.completed","item":{"id":"item_5","type":"command_execution","command":"/bin/bash -lc 'npm test'","aggregated_output":"Exceeded timeout of 20 ms for a test. Use jest.setTimeout(newTimeout) or run with --testTimeout=<ms>.\n","exit_code":1,"status":"failed"}}
{"type":"item.started","item":{"id":"item_6","type":"command_execution","command":"/bin/bash -lc 'tmp=$(mktemp -d)\ncp -R . \"$tmp/project\"\nnode - \"$tmp/project\" <<'\"'NODE'\nconst fs = require('node:fs');\nconst path = require('node:path');\nconst root = process.argv[2];\nconst authored = JSON.parse(fs.readFileSync(path.join(root, 'authored.json'), 'utf8'));\nfor (const file of authored.reference_fix_files) {\n  fs.writeFileSync(path.join(root, file.path), file.content);\n}\nNODE\n(cd \\\"\"'$tmp/project\" && npm test)'","aggregated_output":"","exit_code":null,"status":"in_progress"}}
{"type":"item.completed","item":{"id":"item_6","type":"command_execution","command":"/bin/bash -lc 'tmp=$(mktemp -d)\ncp -R . \"$tmp/project\"\nnode - \"$tmp/project\" <<'\"'NODE'\nconst fs = require('node:fs');\nconst path = require('node:path');\nconst root = process.argv[2];\nconst authored = JSON.parse(fs.readFileSync(path.join(root, 'authored.json'), 'utf8'));\nfor (const file of authored.reference_fix_files) {\n  fs.writeFileSync(path.join(root, file.path), file.content);\n}\nNODE\n(cd \\\"\"'$tmp/project\" && npm test)'","aggregated_output":"\n> test\n> node test.js --testTimeout=100\n\nok - slow operation finishes\n","exit_code":0,"status":"completed"}}
{"type":"item.started","item":{"id":"item_7","type":"command_execution","command":"/bin/bash -lc 'wc -l package.json test.js authored.json'","aggregated_output":"","exit_code":null,"status":"in_progress"}}
{"type":"item.completed","item":{"id":"item_7","type":"command_execution","command":"/bin/bash -lc 'wc -l package.json test.js authored.json'","aggregated_output":"   5 package.json\n  35 test.js\n  21 authored.json\n  61 total\n","exit_code":0,"status":"completed"}}
{"type":"item.started","item":{"id":"item_8","type":"command_execution","command":"/bin/bash -lc 'rg --files'","aggregated_output":"","exit_code":null,"status":"in_progress"}}
{"type":"item.completed","item":{"id":"item_8","type":"command_execution","command":"/bin/bash -lc 'rg --files'","aggregated_output":"package.json\nauthored.json\ntest.js\n","exit_code":0,"status":"completed"}}
{"type":"item.started","item":{"id":"item_9","type":"command_execution","command":"/bin/bash -lc \"node - <<'NODE'\nconst fs = require('node:fs');\nconst authored = JSON.parse(fs.readFileSync('authored.json', 'utf8'));\nfor (const file of authored.files) {\n  const actual = fs.readFileSync(file.path, 'utf8');\n  if (actual \"'!== file.content) {\n    throw new Error(`${file.path} does not match authored.json`);\n  }\n}\nconsole.log('\"'authored.json file contents match disk');\nNODE\"","aggregated_output":"","exit_code":null,"status":"in_progress"}}
{"type":"item.completed","item":{"id":"item_9","type":"command_execution","command":"/bin/bash -lc \"node - <<'NODE'\nconst fs = require('node:fs');\nconst authored = JSON.parse(fs.readFileSync('authored.json', 'utf8'));\nfor (const file of authored.files) {\n  const actual = fs.readFileSync(file.path, 'utf8');\n  if (actual \"'!== file.content) {\n    throw new Error(`${file.path} does not match authored.json`);\n  }\n}\nconsole.log('\"'authored.json file contents match disk');\nNODE\"","aggregated_output":"authored.json file contents match disk\n","exit_code":0,"status":"completed"}}
{"type":"item.completed","item":{"id":"item_10","type":"agent_message","text":"AUTHORED"}}
{"type":"turn.completed","usage":{"input_tokens":85529,"cached_input_tokens":77568,"output_tokens":3063}}

[stderr]
Reading additional input from stdin...

