[exit=0 elapsed=113.7s]
[stdout]
{"type":"thread.started","thread_id":"019da8d2-feb7-7f30-b184-ca678e74f374"}
{"type":"turn.started"}
{"type":"item.completed","item":{"id":"item_0","type":"agent_message","text":"I’ll create the tiny failing Python project and then run the verification command once to ensure the stderr matches the required pattern."}}
{"type":"item.started","item":{"id":"item_1","type":"command_execution","command":"/bin/bash -lc pwd","aggregated_output":"","exit_code":null,"status":"in_progress"}}
{"type":"item.completed","item":{"id":"item_1","type":"command_execution","command":"/bin/bash -lc pwd","aggregated_output":"/tmp/polaris_authoring/python.file_not_found.000\n","exit_code":0,"status":"completed"}}
{"type":"item.started","item":{"id":"item_2","type":"command_execution","command":"/bin/bash -lc 'rg --files'","aggregated_output":"","exit_code":null,"status":"in_progress"}}
{"type":"item.completed","item":{"id":"item_2","type":"command_execution","command":"/bin/bash -lc 'rg --files'","aggregated_output":"","exit_code":1,"status":"failed"}}
{"type":"item.completed","item":{"id":"item_3","type":"agent_message","text":"The directory is empty, so I’m adding three project files plus the sidecar. The failing behavior will be a real `unittest` run where the test changes cwd before code opens a project-relative file."}}
{"type":"item.started","item":{"id":"item_4","type":"file_change","changes":[{"path":"/tmp/polaris_authoring/python.file_not_found.000/authored.json","kind":"add"},{"path":"/tmp/polaris_authoring/python.file_not_found.000/data/message.txt","kind":"add"},{"path":"/tmp/polaris_authoring/python.file_not_found.000/reader.py","kind":"add"},{"path":"/tmp/polaris_authoring/python.file_not_found.000/test_reader.py","kind":"add"}],"status":"in_progress"}}
{"type":"item.completed","item":{"id":"item_4","type":"file_change","changes":[{"path":"/tmp/polaris_authoring/python.file_not_found.000/authored.json","kind":"add"},{"path":"/tmp/polaris_authoring/python.file_not_found.000/data/message.txt","kind":"add"},{"path":"/tmp/polaris_authoring/python.file_not_found.000/reader.py","kind":"add"},{"path":"/tmp/polaris_authoring/python.file_not_found.000/test_reader.py","kind":"add"}],"status":"completed"}}
{"type":"item.completed","item":{"id":"item_5","type":"agent_message","text":"I’ve added the files. Now I’m checking the failing command and the sidecar JSON so the authored metadata matches the actual tool failure."}}
{"type":"item.started","item":{"id":"item_6","type":"command_execution","command":"/bin/bash -lc 'wc -l reader.py data/message.txt test_reader.py authored.json'","aggregated_output":"","exit_code":null,"status":"in_progress"}}
{"type":"item.completed","item":{"id":"item_6","type":"command_execution","command":"/bin/bash -lc 'wc -l reader.py data/message.txt test_reader.py authored.json'","aggregated_output":"   3 reader.py\n   1 data/message.txt\n  20 test_reader.py\n  25 authored.json\n  49 total\n","exit_code":0,"status":"completed"}}
{"type":"item.started","item":{"id":"item_7","type":"command_execution","command":"/bin/bash -lc 'python3 -m unittest test_reader.py'","aggregated_output":"","exit_code":null,"status":"in_progress"}}
{"type":"item.completed","item":{"id":"item_7","type":"command_execution","command":"/bin/bash -lc 'python3 -m unittest test_reader.py'","aggregated_output":"E\n======================================================================\nERROR: test_reads_message_when_called_from_another_directory (test_reader.ReadMessageTests.test_reads_message_when_called_from_another_directory)\n----------------------------------------------------------------------\nTraceback (most recent call last):\n  File \"/tmp/polaris_authoring/python.file_not_found.000/test_reader.py\", line 14, in test_reads_message_when_called_from_another_directory\n    self.assertEqual(read_message(), \"hello from the project\")\n                     ^^^^^^^^^^^^^^\n  File \"/tmp/polaris_authoring/python.file_not_found.000/reader.py\", line 2, in read_message\n    with open(\"data/message.txt\", encoding=\"utf-8\") as handle:\n         ^^^^^^^^^^^^^^^^^^^^^^^^^^^^^^^^^^^^^^^^^^\nFileNotFoundError: [Errno 2] No such file or directory: 'data/message.txt'\n\n----------------------------------------------------------------------\nRan 1 test in 0.001s\n\nFAILED (errors=1)\n","exit_code":1,"status":"failed"}}
{"type":"item.started","item":{"id":"item_8","type":"command_execution","command":"/bin/bash -lc 'python3 -m json.tool authored.json >/dev/null'","aggregated_output":"","exit_code":null,"status":"in_progress"}}
{"type":"item.completed","item":{"id":"item_8","type":"command_execution","command":"/bin/bash -lc 'python3 -m json.tool authored.json >/dev/null'","aggregated_output":"","exit_code":0,"status":"completed"}}
{"type":"item.completed","item":{"id":"item_9","type":"agent_message","text":"The failing run exits nonzero and includes the exact `FileNotFoundError: [Errno 2]` text. I’m doing one noninvasive check in a temp copy that the reference fix makes the same command pass, leaving the authored project in its failing state."}}
{"type":"item.started","item":{"id":"item_10","type":"command_execution","command":"/bin/bash -lc \"python3 - <<'PY'\nimport json\nimport shutil\nimport subprocess\nimport tempfile\nfrom pathlib import Path\n\nroot = Path.cwd()\nwith (root / \\\"authored.json\\\").open(encoding=\\\"utf-8\\\") as handle:\n    authored = json.load(handle)\n\nwith tempfile.TemporaryDirectory() as tmp:\n    copy = Path(tmp) / \\\"project\\\"\n    shutil.copytree(root, copy)\n    for item in authored[\\\"reference_fix_files\\\"]:\n        target = copy / item[\\\"path\\\"]\n        target.write_text(item[\\\"content\\\"], encoding=\\\"utf-8\\\")\n    result = subprocess.run(authored[\\\"verification_command\\\"], cwd=copy, shell=True)\n    raise SystemExit(result.returncode)\nPY\"","aggregated_output":"","exit_code":null,"status":"in_progress"}}
{"type":"item.completed","item":{"id":"item_10","type":"command_execution","command":"/bin/bash -lc \"python3 - <<'PY'\nimport json\nimport shutil\nimport subprocess\nimport tempfile\nfrom pathlib import Path\n\nroot = Path.cwd()\nwith (root / \\\"authored.json\\\").open(encoding=\\\"utf-8\\\") as handle:\n    authored = json.load(handle)\n\nwith tempfile.TemporaryDirectory() as tmp:\n    copy = Path(tmp) / \\\"project\\\"\n    shutil.copytree(root, copy)\n    for item in authored[\\\"reference_fix_files\\\"]:\n        target = copy / item[\\\"path\\\"]\n        target.write_text(item[\\\"content\\\"], encoding=\\\"utf-8\\\")\n    result = subprocess.run(authored[\\\"verification_command\\\"], cwd=copy, shell=True)\n    raise SystemExit(result.returncode)\nPY\"","aggregated_output":".\n----------------------------------------------------------------------\nRan 1 test in 0.000s\n\nOK\n","exit_code":0,"status":"completed"}}
{"type":"item.started","item":{"id":"item_11","type":"command_execution","command":"/bin/bash -lc 'rg --files'","aggregated_output":"","exit_code":null,"status":"in_progress"}}
{"type":"item.completed","item":{"id":"item_11","type":"command_execution","command":"/bin/bash -lc 'rg --files'","aggregated_output":"data/message.txt\n__pycache__/test_reader.cpython-312.pyc\n__pycache__/reader.cpython-312.pyc\nreader.py\ntest_reader.py\nauthored.json\n","exit_code":0,"status":"completed"}}
{"type":"item.completed","item":{"id":"item_12","type":"agent_message","text":"The test run created Python bytecode cache files, which are not part of the authored project. I’m removing that generated cache so only the intended files remain."}}
{"type":"item.started","item":{"id":"item_13","type":"command_execution","command":"/bin/bash -lc 'rm __pycache__/test_reader.cpython-312.pyc __pycache__/reader.cpython-312.pyc'","aggregated_output":"","exit_code":null,"status":"in_progress"}}
{"type":"item.completed","item":{"id":"item_13","type":"command_execution","command":"/bin/bash -lc 'rm __pycache__/test_reader.cpython-312.pyc __pycache__/reader.cpython-312.pyc'","aggregated_output":"","exit_code":0,"status":"completed"}}
{"type":"item.started","item":{"id":"item_14","type":"command_execution","command":"/bin/bash -lc 'rmdir __pycache__'","aggregated_output":"","exit_code":null,"status":"in_progress"}}
{"type":"item.completed","item":{"id":"item_14","type":"command_execution","command":"/bin/bash -lc 'rmdir __pycache__'","aggregated_output":"","exit_code":0,"status":"completed"}}
{"type":"item.started","item":{"id":"item_15","type":"command_execution","command":"/bin/bash -lc 'rg --files'","aggregated_output":"","exit_code":null,"status":"in_progress"}}
{"type":"item.completed","item":{"id":"item_15","type":"command_execution","command":"/bin/bash -lc 'rg --files'","aggregated_output":"test_reader.py\ndata/message.txt\nauthored.json\nreader.py\n","exit_code":0,"status":"completed"}}
{"type":"item.completed","item":{"id":"item_16","type":"agent_message","text":"I’m tightening the verification command to set `PYTHONDONTWRITEBYTECODE=1`, so future verification does not add generated cache files to this tiny fixture."}}
{"type":"item.started","item":{"id":"item_17","type":"file_change","changes":[{"path":"/tmp/polaris_authoring/python.file_not_found.000/authored.json","kind":"update"}],"status":"in_progress"}}
{"type":"item.completed","item":{"id":"item_17","type":"file_change","changes":[{"path":"/tmp/polaris_authoring/python.file_not_found.000/authored.json","kind":"update"}],"status":"completed"}}
{"type":"item.completed","item":{"id":"item_18","type":"agent_message","text":"I’m running the final checks with that exact sidecar command now: current state should fail with the regex, and a temp copy with the reference fix should pass."}}
{"type":"item.started","item":{"id":"item_19","type":"command_execution","command":"/bin/bash -lc 'python3 -m json.tool authored.json >/dev/null'","aggregated_output":"","exit_code":null,"status":"in_progress"}}
{"type":"item.completed","item":{"id":"item_19","type":"command_execution","command":"/bin/bash -lc 'python3 -m json.tool authored.json >/dev/null'","aggregated_output":"","exit_code":0,"status":"completed"}}
{"type":"item.started","item":{"id":"item_20","type":"command_execution","command":"/bin/bash -lc 'PYTHONDONTWRITEBYTECODE=1 python3 -m unittest test_reader.py'","aggregated_output":"","exit_code":null,"status":"in_progress"}}
{"type":"item.completed","item":{"id":"item_20","type":"command_execution","command":"/bin/bash -lc 'PYTHONDONTWRITEBYTECODE=1 python3 -m unittest test_reader.py'","aggregated_output":"E\n======================================================================\nERROR: test_reads_message_when_called_from_another_directory (test_reader.ReadMessageTests.test_reads_message_when_called_from_another_directory)\n----------------------------------------------------------------------\nTraceback (most recent call last):\n  File \"/tmp/polaris_authoring/python.file_not_found.000/test_reader.py\", line 14, in test_reads_message_when_called_from_another_directory\n    self.assertEqual(read_message(), \"hello from the project\")\n                     ^^^^^^^^^^^^^^\n  File \"/tmp/polaris_authoring/python.file_not_found.000/reader.py\", line 2, in read_message\n    with open(\"data/message.txt\", encoding=\"utf-8\") as handle:\n         ^^^^^^^^^^^^^^^^^^^^^^^^^^^^^^^^^^^^^^^^^^\nFileNotFoundError: [Errno 2] No such file or directory: 'data/message.txt'\n\n----------------------------------------------------------------------\nRan 1 test in 0.001s\n\nFAILED (errors=1)\n","exit_code":1,"status":"failed"}}
{"type":"item.started","item":{"id":"item_21","type":"command_execution","command":"/bin/bash -lc \"python3 - <<'PY'\nimport json\nimport shutil\nimport subprocess\nimport tempfile\nfrom pathlib import Path\n\nroot = Path.cwd()\nwith (root / \\\"authored.json\\\").open(encoding=\\\"utf-8\\\") as handle:\n    authored = json.load(handle)\n\nwith tempfile.TemporaryDirectory() as tmp:\n    copy = Path(tmp) / \\\"project\\\"\n    shutil.copytree(root, copy)\n    for item in authored[\\\"reference_fix_files\\\"]:\n        target = copy / item[\\\"path\\\"]\n        target.write_text(item[\\\"content\\\"], encoding=\\\"utf-8\\\")\n    result = subprocess.run(authored[\\\"verification_command\\\"], cwd=copy, shell=True)\n    raise SystemExit(result.returncode)\nPY\"","aggregated_output":"","exit_code":null,"status":"in_progress"}}
{"type":"item.completed","item":{"id":"item_21","type":"command_execution","command":"/bin/bash -lc \"python3 - <<'PY'\nimport json\nimport shutil\nimport subprocess\nimport tempfile\nfrom pathlib import Path\n\nroot = Path.cwd()\nwith (root / \\\"authored.json\\\").open(encoding=\\\"utf-8\\\") as handle:\n    authored = json.load(handle)\n\nwith tempfile.TemporaryDirectory() as tmp:\n    copy = Path(tmp) / \\\"project\\\"\n    shutil.copytree(root, copy)\n    for item in authored[\\\"reference_fix_files\\\"]:\n        target = copy / item[\\\"path\\\"]\n        target.write_text(item[\\\"content\\\"], encoding=\\\"utf-8\\\")\n    result = subprocess.run(authored[\\\"verification_command\\\"], cwd=copy, shell=True)\n    raise SystemExit(result.returncode)\nPY\"","aggregated_output":".\n----------------------------------------------------------------------\nRan 1 test in 0.001s\n\nOK\n","exit_code":0,"status":"completed"}}
{"type":"item.started","item":{"id":"item_22","type":"command_execution","command":"/bin/bash -lc 'rg --files'","aggregated_output":"","exit_code":null,"status":"in_progress"}}
{"type":"item.completed","item":{"id":"item_22","type":"command_execution","command":"/bin/bash -lc 'rg --files'","aggregated_output":"test_reader.py\ndata/message.txt\nauthored.json\nreader.py\n","exit_code":0,"status":"completed"}}
{"type":"item.completed","item":{"id":"item_23","type":"agent_message","text":"AUTHORED"}}
{"type":"turn.completed","usage":{"input_tokens":241355,"cached_input_tokens":204416,"output_tokens":4165}}

[stderr]
Reading additional input from stdin...
2026-04-20T02:59:22.935221Z ERROR codex_core::tools::router: error=exec_command failed for `/bin/bash -lc 'rm -rf __pycache__'`: CreateProcess { message: "Rejected(\"`/bin/bash -lc 'rm -rf __pycache__'` rejected: blocked by policy\")" }
2026-04-20T02:59:28.258531Z ERROR codex_core::tools::router: error=apply_patch verification failed: Failed to read /tmp/polaris_authoring/python.file_not_found.000/__pycache__/test_reader.cpython-312.pyc: invalid utf-8 sequence of 1 bytes from index 0

