[exit=0 elapsed=109.8s]
[stdout]
{"type":"thread.started","thread_id":"019da8d7-65f1-7493-9e3c-830c946fbd05"}
{"type":"turn.started"}
{"type":"item.completed","item":{"id":"item_0","type":"agent_message","text":"I’ll create a tiny standard-library project whose test invokes Python under an address-space limit, so the failure is a genuine `MemoryError` from allocation and the reference fix changes the code path to avoid the exhaustion."}}
{"type":"item.completed","item":{"id":"item_1","type":"agent_message","text":"The project can be just a Python entry point plus sidecar. I’m checking the local interpreter’s baseline memory so the imposed limit is tight enough to fail now but leaves headroom for the fixed run."}}
{"type":"item.started","item":{"id":"item_2","type":"command_execution","command":"/bin/bash -lc \"python3 - <<'PY'\nimport os\nwith open('/proc/self/status') as f:\n    for line in f:\n        if line.startswith(('VmSize:', 'VmRSS:')):\n            print(line.strip())\nPY\"","aggregated_output":"","exit_code":null,"status":"in_progress"}}
{"type":"item.completed","item":{"id":"item_2","type":"command_execution","command":"/bin/bash -lc \"python3 - <<'PY'\nimport os\nwith open('/proc/self/status') as f:\n    for line in f:\n        if line.startswith(('VmSize:', 'VmRSS:')):\n            print(line.strip())\nPY\"","aggregated_output":"VmSize:\t   15336 kB\nVmRSS:\t    9984 kB\n","exit_code":0,"status":"completed"}}
{"type":"item.started","item":{"id":"item_3","type":"command_execution","command":"/bin/bash -lc \"python3 - <<'PY'\nimport os, resource\nMB=1024*1024\nresource.setrlimit(resource.RLIMIT_AS, (80*MB,80*MB))\nfragments=[]\ntry:\n    for _ in range(32):\n        fragments.append(bytearray(MB))\n    payload=bytearray(40*MB)\n    print('ok', len(fragments), len(payload))\nexcept MemoryError:\n    import traceback; traceback.print_exc()\nPY\"","aggregated_output":"","exit_code":null,"status":"in_progress"}}
{"type":"item.completed","item":{"id":"item_3","type":"command_execution","command":"/bin/bash -lc \"python3 - <<'PY'\nimport os, resource\nMB=1024*1024\nresource.setrlimit(resource.RLIMIT_AS, (80*MB,80*MB))\nfragments=[]\ntry:\n    for _ in range(32):\n        fragments.append(bytearray(MB))\n    payload=bytearray(40*MB)\n    print('ok', len(fragments), len(payload))\nexcept MemoryError:\n    import traceback; traceback.print_exc()\nPY\"","aggregated_output":"Traceback (most recent call last):\n  File \"<stdin>\", line 8, in <module>\nMemoryError\n","exit_code":0,"status":"completed"}}
{"type":"item.started","item":{"id":"item_4","type":"command_execution","command":"/bin/bash -lc \"MALLOC_ARENA_MAX=1 python3 - <<'PY'\nimport os, resource\nMB=1024*1024\nresource.setrlimit(resource.RLIMIT_AS, (80*MB,80*MB))\nfragments=[]\nif os.environ.get('MALLOC_ARENA_MAX') not in {'1','2'}:\n    for _ in range(32):\n        fragments.append(bytearray(MB))\npayload=bytearray(40*MB)\nprint('ok', len(payload))\nPY\"","aggregated_output":"","exit_code":null,"status":"in_progress"}}
{"type":"item.completed","item":{"id":"item_4","type":"command_execution","command":"/bin/bash -lc \"MALLOC_ARENA_MAX=1 python3 - <<'PY'\nimport os, resource\nMB=1024*1024\nresource.setrlimit(resource.RLIMIT_AS, (80*MB,80*MB))\nfragments=[]\nif os.environ.get('MALLOC_ARENA_MAX') not in {'1','2'}:\n    for _ in range(32):\n        fragments.append(bytearray(MB))\npayload=bytearray(40*MB)\nprint('ok', len(payload))\nPY\"","aggregated_output":"ok 41943040\n","exit_code":0,"status":"completed"}}
{"type":"item.completed","item":{"id":"item_5","type":"agent_message","text":"I’m going to write one failing entry point and the sidecar. The reference fix will add a small re-exec bootstrap that sets `MALLOC_ARENA_MAX=1` before the memory-heavy work starts."}}
{"type":"item.started","item":{"id":"item_6","type":"file_change","changes":[{"path":"/tmp/polaris_authoring/python.resource_exhaustion.000/authored.json","kind":"add"},{"path":"/tmp/polaris_authoring/python.resource_exhaustion.000/memory_job.py","kind":"add"}],"status":"in_progress"}}
{"type":"item.completed","item":{"id":"item_6","type":"file_change","changes":[{"path":"/tmp/polaris_authoring/python.resource_exhaustion.000/authored.json","kind":"add"},{"path":"/tmp/polaris_authoring/python.resource_exhaustion.000/memory_job.py","kind":"add"}],"status":"completed"}}
{"type":"item.started","item":{"id":"item_7","type":"command_execution","command":"/bin/bash -lc 'python3 memory_job.py'","aggregated_output":"","exit_code":null,"status":"in_progress"}}
{"type":"item.completed","item":{"id":"item_7","type":"command_execution","command":"/bin/bash -lc 'python3 memory_job.py'","aggregated_output":"","exit_code":1,"status":"failed"}}
{"type":"item.completed","item":{"id":"item_8","type":"agent_message","text":"The failing command now exits with status 1 and emits a Python traceback ending in `MemoryError`. I’m doing a quick sidecar and fixed-state check before stopping."}}
{"type":"item.started","item":{"id":"item_9","type":"command_execution","command":"/bin/bash -lc 'python3 -m json.tool authored.json >/dev/null && wc -l memory_job.py authored.json'","aggregated_output":"","exit_code":null,"status":"in_progress"}}
{"type":"item.completed","item":{"id":"item_9","type":"command_execution","command":"/bin/bash -lc 'python3 -m json.tool authored.json >/dev/null && wc -l memory_job.py authored.json'","aggregated_output":"  29 memory_job.py\n  17 authored.json\n  46 total\n","exit_code":0,"status":"completed"}}
{"type":"item.started","item":{"id":"item_10","type":"command_execution","command":"/bin/bash -lc 'tmpdir=$(mktemp -d /tmp/polaris_fix.XXXXXX)\npython3 - <<'\"'PY' \\\"\"'$tmpdir\"\nimport json, pathlib, sys\nroot = pathlib.Path(sys.argv[1])\nwith open('\"'authored.json') as f:\n    data = json.load(f)\nfor item in data['reference_fix_files']:\n    path = root / item['path']\n    path.parent.mkdir(parents=True, exist_ok=True)\n    path.write_text(item['content'])\nPY\n(cd \\\"\"'$tmpdir\" && python3 memory_job.py)'","aggregated_output":"","exit_code":null,"status":"in_progress"}}
{"type":"item.completed","item":{"id":"item_10","type":"command_execution","command":"/bin/bash -lc 'tmpdir=$(mktemp -d /tmp/polaris_fix.XXXXXX)\npython3 - <<'\"'PY' \\\"\"'$tmpdir\"\nimport json, pathlib, sys\nroot = pathlib.Path(sys.argv[1])\nwith open('\"'authored.json') as f:\n    data = json.load(f)\nfor item in data['reference_fix_files']:\n    path = root / item['path']\n    path.parent.mkdir(parents=True, exist_ok=True)\n    path.write_text(item['content'])\nPY\n(cd \\\"\"'$tmpdir\" && python3 memory_job.py)'","aggregated_output":"processed 41943040 bytes\n","exit_code":0,"status":"completed"}}
{"type":"item.completed","item":{"id":"item_11","type":"agent_message","text":"AUTHORED"}}
{"type":"turn.completed","usage":{"input_tokens":108882,"cached_input_tokens":85248,"output_tokens":5021}}

[stderr]
Reading additional input from stdin...

