[exit=0 elapsed=160.3s]
[stdout]
{"type":"thread.started","thread_id":"019da8d2-200d-7ef1-a736-b699f8fc6130"}
{"type":"turn.started"}
{"type":"item.completed","item":{"id":"item_0","type":"agent_message","text":"I’ll create a tiny Python project where a standard-library `unittest` invocation runs a real subprocess and currently fails with Python’s own `UnicodeEncodeError`. The sidecar will include the exact failing files and a minimal reference fix."}}
{"type":"item.started","item":{"id":"item_1","type":"command_execution","command":"/bin/bash -lc pwd","aggregated_output":"","exit_code":null,"status":"in_progress"}}
{"type":"item.completed","item":{"id":"item_1","type":"command_execution","command":"/bin/bash -lc pwd","aggregated_output":"/tmp/polaris_authoring/python.encoding_error.001\n","exit_code":0,"status":"completed"}}
{"type":"item.started","item":{"id":"item_2","type":"command_execution","command":"/bin/bash -lc 'rg --files -n .'","aggregated_output":"","exit_code":null,"status":"in_progress"}}
{"type":"item.completed","item":{"id":"item_2","type":"command_execution","command":"/bin/bash -lc 'rg --files -n .'","aggregated_output":"","exit_code":1,"status":"failed"}}
{"type":"item.completed","item":{"id":"item_3","type":"agent_message","text":"The directory is empty, so I’m adding only the failing runner, its worker, the unittest check, and the `authored.json` sidecar. The reference fix will update the subprocess environment to force UTF-8 for the child process."}}
{"type":"item.started","item":{"id":"item_4","type":"file_change","changes":[{"path":"/tmp/polaris_authoring/python.encoding_error.001/authored.json","kind":"add"},{"path":"/tmp/polaris_authoring/python.encoding_error.001/report_runner.py","kind":"add"},{"path":"/tmp/polaris_authoring/python.encoding_error.001/report_worker.py","kind":"add"},{"path":"/tmp/polaris_authoring/python.encoding_error.001/test_report_runner.py","kind":"add"}],"status":"in_progress"}}
{"type":"item.completed","item":{"id":"item_4","type":"file_change","changes":[{"path":"/tmp/polaris_authoring/python.encoding_error.001/authored.json","kind":"add"},{"path":"/tmp/polaris_authoring/python.encoding_error.001/report_runner.py","kind":"add"},{"path":"/tmp/polaris_authoring/python.encoding_error.001/report_worker.py","kind":"add"},{"path":"/tmp/polaris_authoring/python.encoding_error.001/test_report_runner.py","kind":"add"}],"status":"completed"}}
{"type":"item.completed","item":{"id":"item_5","type":"agent_message","text":"I’m running the declared verification command now and checking that the stderr contains the target `UnicodeEncodeError` shape, then I’ll temporarily test the reference fix without leaving it applied."}}
{"type":"item.started","item":{"id":"item_6","type":"command_execution","command":"/bin/bash -lc 'python3 -m unittest -q'","aggregated_output":"","exit_code":null,"status":"in_progress"}}
{"type":"item.completed","item":{"id":"item_6","type":"command_execution","command":"/bin/bash -lc 'python3 -m unittest -q'","aggregated_output":"======================================================================\nFAIL: test_runner_emits_unicode_report (test_report_runner.ReportRunnerTest.test_runner_emits_unicode_report)\n----------------------------------------------------------------------\nTraceback (most recent call last):\n  File \"/tmp/polaris_authoring/python.encoding_error.001/test_report_runner.py\", line 16, in test_runner_emits_unicode_report\n    self.assertEqual(result.returncode, 0, result.stderr)\nAssertionError: 1 != 0 : Traceback (most recent call last):\n  File \"/tmp/polaris_authoring/python.encoding_error.001/report_worker.py\", line 6, in <module>\n    main()\n  File \"/tmp/polaris_authoring/python.encoding_error.001/report_worker.py\", line 2, in main\n    print(\"build result: caf\\xe9 \\u2603\")\nUnicodeEncodeError: 'ascii' codec can't encode character '\\xe9' in position 17: ordinal not in range(128)\n\n\n----------------------------------------------------------------------\nRan 1 test in 0.087s\n\nFAILED (failures=1)\n","exit_code":1,"status":"failed"}}
{"type":"item.started","item":{"id":"item_7","type":"file_change","changes":[{"path":"/tmp/polaris_authoring/python.encoding_error.001/report_runner.py","kind":"update"}],"status":"in_progress"}}
{"type":"item.completed","item":{"id":"item_7","type":"file_change","changes":[{"path":"/tmp/polaris_authoring/python.encoding_error.001/report_runner.py","kind":"update"}],"status":"completed"}}
{"type":"item.started","item":{"id":"item_8","type":"command_execution","command":"/bin/bash -lc 'python3 -m unittest -q'","aggregated_output":"","exit_code":null,"status":"in_progress"}}
{"type":"item.completed","item":{"id":"item_8","type":"command_execution","command":"/bin/bash -lc 'python3 -m unittest -q'","aggregated_output":"----------------------------------------------------------------------\nRan 1 test in 0.031s\n\nOK\n","exit_code":0,"status":"completed"}}
{"type":"item.completed","item":{"id":"item_9","type":"agent_message","text":"The reference version passes under the same command, so I’m restoring the on-disk project to the intended failing state while leaving the passing version recorded in `authored.json`."}}
{"type":"item.started","item":{"id":"item_10","type":"file_change","changes":[{"path":"/tmp/polaris_authoring/python.encoding_error.001/report_runner.py","kind":"update"}],"status":"in_progress"}}
{"type":"item.completed","item":{"id":"item_10","type":"file_change","changes":[{"path":"/tmp/polaris_authoring/python.encoding_error.001/report_runner.py","kind":"update"}],"status":"completed"}}
{"type":"item.started","item":{"id":"item_11","type":"command_execution","command":"/bin/bash -lc 'wc -l report_worker.py report_runner.py test_report_runner.py authored.json'","aggregated_output":"","exit_code":null,"status":"in_progress"}}
{"type":"item.completed","item":{"id":"item_11","type":"command_execution","command":"/bin/bash -lc 'wc -l report_worker.py report_runner.py test_report_runner.py authored.json'","aggregated_output":"   6 report_worker.py\n  24 report_runner.py\n  21 test_report_runner.py\n  25 authored.json\n  76 total\n","exit_code":0,"status":"completed"}}
{"type":"item.started","item":{"id":"item_12","type":"command_execution","command":"/bin/bash -lc 'python3 -m json.tool authored.json >/tmp/authored.json.pretty'","aggregated_output":"","exit_code":null,"status":"in_progress"}}
{"type":"item.completed","item":{"id":"item_12","type":"command_execution","command":"/bin/bash -lc 'python3 -m json.tool authored.json >/tmp/authored.json.pretty'","aggregated_output":"","exit_code":0,"status":"completed"}}
{"type":"item.started","item":{"id":"item_13","type":"command_execution","command":"/bin/bash -lc 'rg --files'","aggregated_output":"","exit_code":null,"status":"in_progress"}}
{"type":"item.completed","item":{"id":"item_13","type":"command_execution","command":"/bin/bash -lc 'rg --files'","aggregated_output":"report_worker.py\nreport_runner.py\nauthored.json\ntest_report_runner.py\n__pycache__/test_report_runner.cpython-312.pyc\n","exit_code":0,"status":"completed"}}
{"type":"item.completed","item":{"id":"item_14","type":"agent_message","text":"One generated `__pycache__` appeared from the test run; I’ll remove it before finishing so the delivered directory contains only the authored project files. First I’m doing one last machine check that `authored.json` matches the files and that the regex matches the current failing stderr."}}
{"type":"item.started","item":{"id":"item_15","type":"command_execution","command":"/bin/bash -lc \"python3 - <<'PY'\nimport json\nimport pathlib\nimport re\nimport subprocess\n\nroot = pathlib.Path('.')\ndata = json.loads(root.joinpath('authored.json').read_text(encoding='utf-8'))\nfor item in data['files']:\n    actual = root.joinpath(item['path']).read_text(encoding='utf-8')\n    assert actual == item['content'], item['path']\nproc = subprocess.run(data['verification_command'], shell=True, capture_output=True, text=True)\nprint('exit', proc.returncode)\nprint('regex', bool(re.search(data['expected_stderr_regex'], proc.stderr)))\nassert proc.returncode \"'!= 0\nassert re.search(data['\"'expected_stderr_regex'], proc.stderr)\nPY\"","aggregated_output":"","exit_code":null,"status":"in_progress"}}
{"type":"item.completed","item":{"id":"item_15","type":"command_execution","command":"/bin/bash -lc \"python3 - <<'PY'\nimport json\nimport pathlib\nimport re\nimport subprocess\n\nroot = pathlib.Path('.')\ndata = json.loads(root.joinpath('authored.json').read_text(encoding='utf-8'))\nfor item in data['files']:\n    actual = root.joinpath(item['path']).read_text(encoding='utf-8')\n    assert actual == item['content'], item['path']\nproc = subprocess.run(data['verification_command'], shell=True, capture_output=True, text=True)\nprint('exit', proc.returncode)\nprint('regex', bool(re.search(data['expected_stderr_regex'], proc.stderr)))\nassert proc.returncode \"'!= 0\nassert re.search(data['\"'expected_stderr_regex'], proc.stderr)\nPY\"","aggregated_output":"exit 1\nregex True\n","exit_code":0,"status":"completed"}}
{"type":"item.started","item":{"id":"item_16","type":"command_execution","command":"/bin/bash -lc 'rm __pycache__/test_report_runner.cpython-312.pyc'","aggregated_output":"","exit_code":null,"status":"in_progress"}}
{"type":"item.completed","item":{"id":"item_16","type":"command_execution","command":"/bin/bash -lc 'rm __pycache__/test_report_runner.cpython-312.pyc'","aggregated_output":"","exit_code":0,"status":"completed"}}
{"type":"item.started","item":{"id":"item_17","type":"command_execution","command":"/bin/bash -lc 'rmdir __pycache__'","aggregated_output":"","exit_code":null,"status":"in_progress"}}
{"type":"item.completed","item":{"id":"item_17","type":"command_execution","command":"/bin/bash -lc 'rmdir __pycache__'","aggregated_output":"","exit_code":0,"status":"completed"}}
{"type":"item.started","item":{"id":"item_18","type":"command_execution","command":"/bin/bash -lc 'rg --files'","aggregated_output":"","exit_code":null,"status":"in_progress"}}
{"type":"item.completed","item":{"id":"item_18","type":"command_execution","command":"/bin/bash -lc 'rg --files'","aggregated_output":"test_report_runner.py\nreport_worker.py\nreport_runner.py\nauthored.json\n","exit_code":0,"status":"completed"}}
{"type":"item.completed","item":{"id":"item_19","type":"agent_message","text":"AUTHORED"}}
{"type":"turn.completed","usage":{"input_tokens":230503,"cached_input_tokens":209280,"output_tokens":5428}}

[stderr]
Reading additional input from stdin...
2026-04-20T02:59:17.556777Z ERROR codex_core::tools::router: error=exec_command failed for `/bin/bash -lc 'rm -rf __pycache__ && rg --files'`: CreateProcess { message: "Rejected(\"`/bin/bash -lc 'rm -rf __pycache__ && rg --files'` rejected: blocked by policy\")" }

