[exit=0 elapsed=100.7s]
[stdout]
{"type":"thread.started","thread_id":"019da8d1-927f-70f1-b0c9-8c2f945e0a43"}
{"type":"turn.started"}
{"type":"item.completed","item":{"id":"item_0","type":"agent_message","text":"I’ll create a tiny stdlib-only unittest project where the test genuinely fails because `tomllib` cannot parse an invalid TOML file, then verify the failure and sidecar metadata match."}}
{"type":"item.started","item":{"id":"item_1","type":"command_execution","command":"/bin/bash -lc 'rg --files -n . || true'","aggregated_output":"","exit_code":null,"status":"in_progress"}}
{"type":"item.completed","item":{"id":"item_1","type":"command_execution","command":"/bin/bash -lc 'rg --files -n . || true'","aggregated_output":"","exit_code":0,"status":"completed"}}
{"type":"item.completed","item":{"id":"item_2","type":"agent_message","text":"The project will have one loader, one invalid TOML file, one unittest, and the sidecar. The only failure path is the parser raising on disk content."}}
{"type":"item.started","item":{"id":"item_3","type":"file_change","changes":[{"path":"/tmp/polaris_authoring/python.config_error.001/app_config.toml","kind":"add"},{"path":"/tmp/polaris_authoring/python.config_error.001/authored.json","kind":"add"},{"path":"/tmp/polaris_authoring/python.config_error.001/config_loader.py","kind":"add"},{"path":"/tmp/polaris_authoring/python.config_error.001/test_config.py","kind":"add"}],"status":"in_progress"}}
{"type":"item.completed","item":{"id":"item_3","type":"file_change","changes":[{"path":"/tmp/polaris_authoring/python.config_error.001/app_config.toml","kind":"add"},{"path":"/tmp/polaris_authoring/python.config_error.001/authored.json","kind":"add"},{"path":"/tmp/polaris_authoring/python.config_error.001/config_loader.py","kind":"add"},{"path":"/tmp/polaris_authoring/python.config_error.001/test_config.py","kind":"add"}],"status":"completed"}}
{"type":"item.started","item":{"id":"item_4","type":"command_execution","command":"/bin/bash -lc 'python3 -m unittest'","aggregated_output":"","exit_code":null,"status":"in_progress"}}
{"type":"item.completed","item":{"id":"item_4","type":"command_execution","command":"/bin/bash -lc 'python3 -m unittest'","aggregated_output":"E\n======================================================================\nERROR: test_service_config_loads (test_config.ConfigTest.test_service_config_loads)\n----------------------------------------------------------------------\nTraceback (most recent call last):\n  File \"/tmp/polaris_authoring/python.config_error.001/test_config.py\", line 8, in test_service_config_loads\n    config = load_service_config()\n             ^^^^^^^^^^^^^^^^^^^^^\n  File \"/tmp/polaris_authoring/python.config_error.001/config_loader.py\", line 7, in load_service_config\n    return tomllib.load(file)\n           ^^^^^^^^^^^^^^^^^^\n  File \"/usr/lib/python3.12/tomllib/_parser.py\", line 66, in load\n    return loads(s, parse_float=parse_float)\n           ^^^^^^^^^^^^^^^^^^^^^^^^^^^^^^^^^\n  File \"/usr/lib/python3.12/tomllib/_parser.py\", line 102, in loads\n    pos = key_value_rule(src, pos, out, header, parse_float)\n          ^^^^^^^^^^^^^^^^^^^^^^^^^^^^^^^^^^^^^^^^^^^^^^^^^^\n  File \"/usr/lib/python3.12/tomllib/_parser.py\", line 326, in key_value_rule\n    pos, key, value = parse_key_value_pair(src, pos, parse_float)\n                      ^^^^^^^^^^^^^^^^^^^^^^^^^^^^^^^^^^^^^^^^^^^\n  File \"/usr/lib/python3.12/tomllib/_parser.py\", line 369, in parse_key_value_pair\n    pos, value = parse_value(src, pos, parse_float)\n                 ^^^^^^^^^^^^^^^^^^^^^^^^^^^^^^^^^^\n  File \"/usr/lib/python3.12/tomllib/_parser.py\", line 649, in parse_value\n    raise suffixed_err(src, pos, \"Invalid value\")\ntomllib.TOMLDecodeError: Invalid value (at line 5, column 18)\n\n----------------------------------------------------------------------\nRan 1 test in 0.001s\n\nFAILED (errors=1)\n","exit_code":1,"status":"failed"}}
{"type":"item.completed","item":{"id":"item_5","type":"agent_message","text":"The failing run is non-zero and includes `Invalid value` from `tomllib`, so the regex is aligned with the real stderr. I’m doing a quick fixed-state check and then restoring the intentionally broken TOML."}}
{"type":"item.started","item":{"id":"item_6","type":"command_execution","command":"/bin/bash -lc 'python3 -m json.tool authored.json >/dev/null && wc -l config_loader.py app_config.toml test_config.py authored.json'","aggregated_output":"","exit_code":null,"status":"in_progress"}}
{"type":"item.completed","item":{"id":"item_6","type":"command_execution","command":"/bin/bash -lc 'python3 -m json.tool authored.json >/dev/null && wc -l config_loader.py app_config.toml test_config.py authored.json'","aggregated_output":"   7 config_loader.py\n   5 app_config.toml\n  10 test_config.py\n  25 authored.json\n  47 total\n","exit_code":0,"status":"completed"}}
{"type":"item.started","item":{"id":"item_7","type":"file_change","changes":[{"path":"/tmp/polaris_authoring/python.config_error.001/app_config.toml","kind":"update"}],"status":"in_progress"}}
{"type":"item.completed","item":{"id":"item_7","type":"file_change","changes":[{"path":"/tmp/polaris_authoring/python.config_error.001/app_config.toml","kind":"update"}],"status":"completed"}}
{"type":"item.started","item":{"id":"item_8","type":"command_execution","command":"/bin/bash -lc 'python3 -m unittest'","aggregated_output":"","exit_code":null,"status":"in_progress"}}
{"type":"item.completed","item":{"id":"item_8","type":"command_execution","command":"/bin/bash -lc 'python3 -m unittest'","aggregated_output":".\n----------------------------------------------------------------------\nRan 1 test in 0.000s\n\nOK\n","exit_code":0,"status":"completed"}}
{"type":"item.started","item":{"id":"item_9","type":"file_change","changes":[{"path":"/tmp/polaris_authoring/python.config_error.001/app_config.toml","kind":"update"}],"status":"in_progress"}}
{"type":"item.completed","item":{"id":"item_9","type":"file_change","changes":[{"path":"/tmp/polaris_authoring/python.config_error.001/app_config.toml","kind":"update"}],"status":"completed"}}
{"type":"item.started","item":{"id":"item_10","type":"command_execution","command":"/bin/bash -lc 'python3 -m unittest'","aggregated_output":"","exit_code":null,"status":"in_progress"}}
{"type":"item.completed","item":{"id":"item_10","type":"command_execution","command":"/bin/bash -lc 'python3 -m unittest'","aggregated_output":"E\n======================================================================\nERROR: test_service_config_loads (test_config.ConfigTest.test_service_config_loads)\n----------------------------------------------------------------------\nTraceback (most recent call last):\n  File \"/tmp/polaris_authoring/python.config_error.001/test_config.py\", line 8, in test_service_config_loads\n    config = load_service_config()\n             ^^^^^^^^^^^^^^^^^^^^^\n  File \"/tmp/polaris_authoring/python.config_error.001/config_loader.py\", line 7, in load_service_config\n    return tomllib.load(file)\n           ^^^^^^^^^^^^^^^^^^\n  File \"/usr/lib/python3.12/tomllib/_parser.py\", line 66, in load\n    return loads(s, parse_float=parse_float)\n           ^^^^^^^^^^^^^^^^^^^^^^^^^^^^^^^^^\n  File \"/usr/lib/python3.12/tomllib/_parser.py\", line 102, in loads\n    pos = key_value_rule(src, pos, out, header, parse_float)\n          ^^^^^^^^^^^^^^^^^^^^^^^^^^^^^^^^^^^^^^^^^^^^^^^^^^\n  File \"/usr/lib/python3.12/tomllib/_parser.py\", line 326, in key_value_rule\n    pos, key, value = parse_key_value_pair(src, pos, parse_float)\n                      ^^^^^^^^^^^^^^^^^^^^^^^^^^^^^^^^^^^^^^^^^^^\n  File \"/usr/lib/python3.12/tomllib/_parser.py\", line 369, in parse_key_value_pair\n    pos, value = parse_value(src, pos, parse_float)\n                 ^^^^^^^^^^^^^^^^^^^^^^^^^^^^^^^^^^\n  File \"/usr/lib/python3.12/tomllib/_parser.py\", line 649, in parse_value\n    raise suffixed_err(src, pos, \"Invalid value\")\ntomllib.TOMLDecodeError: Invalid value (at line 5, column 18)\n\n----------------------------------------------------------------------\nRan 1 test in 0.001s\n\nFAILED (errors=1)\n","exit_code":1,"status":"failed"}}
{"type":"item.started","item":{"id":"item_11","type":"command_execution","command":"/bin/bash -lc 'rg --files -n .'","aggregated_output":"","exit_code":null,"status":"in_progress"}}
{"type":"item.completed","item":{"id":"item_11","type":"command_execution","command":"/bin/bash -lc 'rg --files -n .'","aggregated_output":"./config_loader.py\n./authored.json\n./test_config.py\n./app_config.toml\n./__pycache__/config_loader.cpython-312.pyc\n./__pycache__/test_config.cpython-312.pyc\n","exit_code":0,"status":"completed"}}
{"type":"item.started","item":{"id":"item_12","type":"command_execution","command":"/bin/bash -lc 'rm __pycache__/config_loader.cpython-312.pyc __pycache__/test_config.cpython-312.pyc'","aggregated_output":"","exit_code":null,"status":"in_progress"}}
{"type":"item.completed","item":{"id":"item_12","type":"command_execution","command":"/bin/bash -lc 'rm __pycache__/config_loader.cpython-312.pyc __pycache__/test_config.cpython-312.pyc'","aggregated_output":"","exit_code":0,"status":"completed"}}
{"type":"item.started","item":{"id":"item_13","type":"command_execution","command":"/bin/bash -lc 'rmdir __pycache__'","aggregated_output":"","exit_code":null,"status":"in_progress"}}
{"type":"item.completed","item":{"id":"item_13","type":"command_execution","command":"/bin/bash -lc 'rmdir __pycache__'","aggregated_output":"","exit_code":0,"status":"completed"}}
{"type":"item.started","item":{"id":"item_14","type":"command_execution","command":"/bin/bash -lc 'rg --files -n .'","aggregated_output":"","exit_code":null,"status":"in_progress"}}
{"type":"item.completed","item":{"id":"item_14","type":"command_execution","command":"/bin/bash -lc 'rg --files -n .'","aggregated_output":"./test_config.py\n./app_config.toml\n./config_loader.py\n./authored.json\n","exit_code":0,"status":"completed"}}
{"type":"item.started","item":{"id":"item_15","type":"command_execution","command":"/bin/bash -lc 'python3 -m json.tool authored.json >/dev/null'","aggregated_output":"","exit_code":null,"status":"in_progress"}}
{"type":"item.completed","item":{"id":"item_15","type":"command_execution","command":"/bin/bash -lc 'python3 -m json.tool authored.json >/dev/null'","aggregated_output":"","exit_code":0,"status":"completed"}}
{"type":"item.started","item":{"id":"item_16","type":"command_execution","command":"/bin/bash -lc \"python3 - <<'PY'\nimport json\nfrom pathlib import Path\nmeta = json.loads(Path('authored.json').read_text())\nfor item in meta['files']:\n    actual = Path(item['path']).read_text()\n    assert actual == item['content'], item['path']\nprint('ok')\nPY\"","aggregated_output":"","exit_code":null,"status":"in_progress"}}
{"type":"item.completed","item":{"id":"item_16","type":"command_execution","command":"/bin/bash -lc \"python3 - <<'PY'\nimport json\nfrom pathlib import Path\nmeta = json.loads(Path('authored.json').read_text())\nfor item in meta['files']:\n    actual = Path(item['path']).read_text()\n    assert actual == item['content'], item['path']\nprint('ok')\nPY\"","aggregated_output":"ok\n","exit_code":0,"status":"completed"}}
{"type":"item.started","item":{"id":"item_17","type":"command_execution","command":"/bin/bash -lc 'rg --files -n .'","aggregated_output":"","exit_code":null,"status":"in_progress"}}
{"type":"item.completed","item":{"id":"item_17","type":"command_execution","command":"/bin/bash -lc 'rg --files -n .'","aggregated_output":"./test_config.py\n./app_config.toml\n./config_loader.py\n./authored.json\n","exit_code":0,"status":"completed"}}
{"type":"item.completed","item":{"id":"item_18","type":"agent_message","text":"AUTHORED"}}
{"type":"turn.completed","usage":{"input_tokens":252671,"cached_input_tokens":214528,"output_tokens":3258}}

[stderr]
Reading additional input from stdin...
2026-04-20T02:57:52.772347Z ERROR codex_core::tools::router: error=exec_command failed for `/bin/bash -lc 'rm -rf __pycache__'`: CreateProcess { message: "Rejected(\"`/bin/bash -lc 'rm -rf __pycache__'` rejected: blocked by policy\")" }

